INFO:root:Creating all possible states
INFO:root:No of first possible move states: 3
INFO:root:#######################################################
INFO:root:No. of next possible move states: 24
INFO:root:Reduced no. of states after eliminating duplicates: 12
INFO:root:#######################################################
INFO:root:No. of next possible move states: 84
INFO:root:Reduced no. of states after eliminating duplicates: 38
INFO:root:#######################################################
INFO:root:No. of next possible move states: 228
INFO:root:Reduced no. of states after eliminating duplicates: 108
INFO:root:#######################################################
INFO:root:No. of next possible move states: 540
INFO:root:Reduced no. of states after eliminating duplicates: 174
INFO:root:#######################################################
INFO:root:No. of next possible move states: 696
INFO:root:Reduced no. of states after eliminating duplicates: 228
INFO:root:#######################################################
INFO:root:No. of next possible move states: 684
INFO:root:Reduced no. of states after eliminating duplicates: 174
INFO:root:#######################################################
INFO:root:No. of next possible move states: 348
INFO:root:Reduced no. of states after eliminating duplicates: 89
INFO:root:#######################################################
INFO:root:No. of next possible move states: 89
INFO:root:Reduced no. of states after eliminating duplicates: 23
INFO:root:#######################################################
